<?xml version="1.0" encoding="UTF-8"?>
<coverage generated="1669739239449" clover="3.2.0">
  <project timestamp="1669739239449" name="All files">
    <metrics statements="23" coveredstatements="23" conditionals="2" coveredconditionals="2" methods="3" coveredmethods="3" elements="28" coveredelements="28" complexity="0" loc="23" ncloc="23" packages="1" files="2" classes="2"/>
    <file name="index.js" path="/home/ilya/frontend-project-46/src/index.js">
      <metrics statements="13" coveredstatements="13" conditionals="0" coveredconditionals="0" methods="1" coveredmethods="1"/>
      <line num="6" count="1" type="stmt"/>
      <line num="7" count="2" type="stmt"/>
      <line num="8" count="2" type="stmt"/>
      <line num="9" count="2" type="stmt"/>
      <line num="10" count="2" type="stmt"/>
      <line num="11" count="2" type="stmt"/>
      <line num="12" count="2" type="stmt"/>
      <line num="14" count="2" type="stmt"/>
      <line num="15" count="2" type="stmt"/>
      <line num="16" count="2" type="stmt"/>
      <line num="17" count="2" type="stmt"/>
      <line num="19" count="2" type="stmt"/>
      <line num="21" count="2" type="stmt"/>
    </file>
    <file name="util.js" path="/home/ilya/frontend-project-46/src/util.js">
      <metrics statements="10" coveredstatements="10" conditionals="2" coveredconditionals="2" methods="2" coveredmethods="2"/>
      <line num="1" count="1" type="stmt"/>
      <line num="2" count="2" type="stmt"/>
      <line num="3" count="2" type="stmt"/>
      <line num="4" count="9" type="cond" truecount="2" falsecount="0"/>
      <line num="5" count="1" type="stmt"/>
      <line num="6" count="1" type="stmt"/>
      <line num="8" count="8" type="stmt"/>
      <line num="9" count="8" type="stmt"/>
      <line num="10" count="8" type="stmt"/>
      <line num="12" count="2" type="stmt"/>
    </file>
  </project>
</coverage>
