TN:
SF:src/index.js
FN:6,genDiff
FNF:1
FNH:1
FNDA:2,genDiff
DA:1,1
DA:2,1
DA:3,1
DA:4,1
DA:5,1
DA:6,1
DA:7,2
DA:8,2
DA:9,2
DA:10,2
DA:11,2
DA:12,2
DA:13,2
DA:14,2
DA:15,2
DA:16,2
DA:17,2
DA:18,2
DA:19,2
DA:20,2
DA:21,2
DA:22,2
DA:23,2
DA:24,2
DA:25,2
DA:26,2
DA:27,1
DA:28,1
LF:28
LH:28
BRDA:6,0,0,2
BRF:1
BRH:1
end_of_record
TN:
SF:src/util.js
FN:1,getIntersectionObj
FNF:1
FNH:1
FNDA:2,getIntersectionObj
DA:1,1
DA:2,2
DA:3,2
DA:4,9
DA:5,1
DA:6,1
DA:7,1
DA:8,8
DA:9,8
DA:10,8
DA:11,2
DA:12,2
DA:13,2
DA:14,1
DA:15,1
LF:15
LH:15
BRDA:1,0,0,2
BRDA:3,1,0,9
BRDA:4,2,0,1
BRDA:7,3,0,8
BRF:4
BRH:4
end_of_record
