TN:
SF:src/index.js
FN:6,genDiff
FNF:1
FNH:1
FNDA:4,genDiff
DA:1,1
DA:2,1
DA:3,1
DA:4,1
DA:5,1
DA:6,1
DA:7,4
DA:8,4
DA:9,4
DA:10,4
DA:11,4
DA:12,4
DA:13,4
DA:14,4
DA:15,4
DA:16,4
DA:17,4
DA:18,4
DA:19,4
DA:20,4
DA:21,1
DA:22,1
LF:22
LH:22
BRDA:6,0,0,4
BRF:1
BRH:1
end_of_record
TN:
SF:src/parse.js
FN:6,getParseFile
FNF:1
FNH:1
FNDA:8,getParseFile
DA:1,1
DA:2,1
DA:3,1
DA:4,1
DA:5,1
DA:6,1
DA:7,8
DA:8,8
DA:9,8
DA:10,4
DA:11,4
DA:12,4
DA:13,4
DA:14,8
DA:15,1
DA:16,1
DA:17,1
LF:17
LH:17
BRDA:6,0,0,8
BRDA:9,1,0,4
BRF:2
BRH:2
end_of_record
TN:
SF:src/util.js
FN:1,getIntersectionObj
FNF:1
FNH:1
FNDA:4,getIntersectionObj
DA:1,1
DA:2,4
DA:3,4
DA:4,18
DA:5,2
DA:6,2
DA:7,2
DA:8,16
DA:9,16
DA:10,16
DA:11,4
DA:12,4
DA:13,4
DA:14,1
DA:15,1
LF:15
LH:15
BRDA:1,0,0,4
BRDA:3,1,0,18
BRDA:4,2,0,2
BRDA:7,3,0,16
BRF:4
BRH:4
end_of_record
